ERROR 2018/06/06 13:38:00 port 1313 already in use, attempting to use an available port
Started building sites ...
Built site for language en:
0 draft content
0 future content
0 expired content
3 regular pages created
6 other pages created
0 non-page files copied
0 paginator pages created
total in 4 ms
Watching for changes in /Users/denisegosnell/datastax/assets/paths-graph-example/docsrc/{content,static,themes}
Serving pages from memory
Web Server is available at http://localhost:52693/ (bind address 0.0.0.0)
Press Ctrl+C to stop
Started building sites ...
Built site for language en:
0 draft content
0 future content
0 expired content
3 regular pages created
6 other pages created
0 non-page files copied
0 paginator pages created
total in 6 ms
Watching for changes in /Users/denisegosnell/datastax/assets/paths-graph-example/docsrc/{content,static,themes}
Serving pages from memory
Web Server is available at http://localhost:1313/ (bind address 0.0.0.0)
Press Ctrl+C to stop
Started building sites ...
Built site for language en:
0 draft content
0 future content
0 expired content
3 regular pages created
6 other pages created
0 non-page files copied
0 paginator pages created
total in 6 ms
Watching for changes in /Users/denisegosnell/datastax/assets/paths-graph-example/docsrc/{content,static,themes}
Serving pages from memory
Web Server is available at http://localhost:1313/ (bind address 0.0.0.0)
Press Ctrl+C to stop
Started building sites ...
Built site for language en:
0 draft content
0 future content
0 expired content
3 regular pages created
6 other pages created
0 non-page files copied
0 paginator pages created
total in 7 ms
Watching for changes in /Users/denisegosnell/datastax/assets/paths-graph-example/docsrc/{content,static,themes}
Serving pages from memory
Web Server is available at http://localhost:1313/ (bind address 0.0.0.0)
Press Ctrl+C to stop

Change detected, rebuilding site
2018-06-06 13:50 -0400
Source changed "/Users/denisegosnell/datastax/assets/paths-graph-example/docsrc/content/index.md": REMOVE
Source changed "/Users/denisegosnell/datastax/assets/paths-graph-example/docsrc/content/index.md": CREATE
Built site for language en:
0 draft content
0 future content
0 expired content
3 regular pages created
6 other pages created
0 non-page files copied
0 paginator pages created
total in 7 ms

Change detected, rebuilding site
2018-06-06 13:50 -0400
Source changed "/Users/denisegosnell/datastax/assets/paths-graph-example/docsrc/content/index.md": REMOVE
Source changed "/Users/denisegosnell/datastax/assets/paths-graph-example/docsrc/content/index.md": CREATE
Built site for language en:
0 draft content
0 future content
0 expired content
3 regular pages created
6 other pages created
0 non-page files copied
0 paginator pages created
total in 7 ms

Change detected, rebuilding site
2018-06-06 13:51 -0400
Source changed "/Users/denisegosnell/datastax/assets/paths-graph-example/docsrc/content/index.md": REMOVE
Source changed "/Users/denisegosnell/datastax/assets/paths-graph-example/docsrc/content/index.md": CREATE
Built site for language en:
0 draft content
0 future content
0 expired content
3 regular pages created
6 other pages created
0 non-page files copied
0 paginator pages created
total in 6 ms

Change detected, rebuilding site
2018-06-06 13:51 -0400
Source changed "/Users/denisegosnell/datastax/assets/paths-graph-example/docsrc/content/index.md": REMOVE
Source changed "/Users/denisegosnell/datastax/assets/paths-graph-example/docsrc/content/index.md": CREATE
Built site for language en:
0 draft content
0 future content
0 expired content
3 regular pages created
6 other pages created
0 non-page files copied
0 paginator pages created
total in 3 ms
ERROR 2018/06/06 14:13:05 port 1313 already in use, attempting to use an available port
Started building sites ...
Built site for language en:
0 draft content
0 future content
0 expired content
3 regular pages created
6 other pages created
0 non-page files copied
0 paginator pages created
total in 9 ms
Watching for changes in /Users/denisegosnell/datastax/assets/paths-graph-example/docsrc/{content,static,themes}
Serving pages from memory
Web Server is available at http://localhost:53112/ (bind address 0.0.0.0)
Press Ctrl+C to stop
Started building sites ...
Built site for language en:
0 draft content
0 future content
0 expired content
3 regular pages created
6 other pages created
0 non-page files copied
0 paginator pages created
total in 7 ms
Watching for changes in /Users/denisegosnell/datastax/assets/paths-graph-example/docsrc/{content,static,themes}
Serving pages from memory
Web Server is available at http://localhost:1313/ (bind address 0.0.0.0)
Press Ctrl+C to stop
Started building sites ...
Built site for language en:
0 draft content
0 future content
0 expired content
3 regular pages created
6 other pages created
0 non-page files copied
0 paginator pages created
total in 11 ms
Watching for changes in /Users/denisegosnell/datastax/assets/paths-graph-example/docsrc/{content,static,themes}
Serving pages from memory
Web Server is available at http://localhost:1313/ (bind address 0.0.0.0)
Press Ctrl+C to stop
Started building sites ...
Built site for language en:
0 draft content
0 future content
0 expired content
3 regular pages created
6 other pages created
0 non-page files copied
0 paginator pages created
total in 5 ms
Watching for changes in /Users/denisegosnell/datastax/assets/paths-graph-example/docsrc/{content,static,themes}
Serving pages from memory
Web Server is available at http://localhost:1313/ (bind address 0.0.0.0)
Press Ctrl+C to stop
Started building sites ...
Built site for language en:
0 draft content
0 future content
0 expired content
3 regular pages created
6 other pages created
0 non-page files copied
0 paginator pages created
total in 6 ms
Watching for changes in /Users/denisegosnell/datastax/assets/paths-graph-example/docsrc/{content,static,themes}
Serving pages from memory
Web Server is available at http://localhost:1313/ (bind address 0.0.0.0)
Press Ctrl+C to stop
Started building sites ...
Built site for language en:
0 draft content
0 future content
0 expired content
3 regular pages created
6 other pages created
0 non-page files copied
0 paginator pages created
total in 5 ms
Watching for changes in /Users/denisegosnell/datastax/assets/paths-graph-example/docsrc/{content,static,themes}
Serving pages from memory
Web Server is available at http://localhost:1313/ (bind address 0.0.0.0)
Press Ctrl+C to stop
Started building sites ...
Built site for language en:
0 draft content
0 future content
0 expired content
3 regular pages created
6 other pages created
0 non-page files copied
0 paginator pages created
total in 8 ms
Watching for changes in /Users/denisegosnell/datastax/assets/paths-graph-example/docsrc/{content,static,themes}
Serving pages from memory
Web Server is available at http://localhost:1313/ (bind address 0.0.0.0)
Press Ctrl+C to stop
Started building sites ...
Built site for language en:
0 draft content
0 future content
0 expired content
3 regular pages created
6 other pages created
0 non-page files copied
0 paginator pages created
total in 5 ms
Watching for changes in /Users/denisegosnell/datastax/assets/paths-graph-example/docsrc/{content,static,themes}
Serving pages from memory
Web Server is available at http://localhost:1313/ (bind address 0.0.0.0)
Press Ctrl+C to stop
Started building sites ...
Built site for language en:
0 draft content
0 future content
0 expired content
3 regular pages created
6 other pages created
0 non-page files copied
0 paginator pages created
total in 9 ms
Watching for changes in /Users/denisegosnell/datastax/assets/paths-graph-example/docsrc/{content,static,themes}
Serving pages from memory
Web Server is available at http://localhost:1313/ (bind address 0.0.0.0)
Press Ctrl+C to stop
Started building sites ...
Built site for language en:
0 draft content
0 future content
0 expired content
3 regular pages created
6 other pages created
0 non-page files copied
0 paginator pages created
total in 5 ms
Watching for changes in /Users/denisegosnell/datastax/assets/paths-graph-example/docsrc/{content,static,themes}
Serving pages from memory
Web Server is available at http://localhost:1313/ (bind address 0.0.0.0)
Press Ctrl+C to stop
Started building sites ...
Built site for language en:
0 draft content
0 future content
0 expired content
3 regular pages created
6 other pages created
0 non-page files copied
0 paginator pages created
total in 6 ms
Watching for changes in /Users/denisegosnell/datastax/assets/paths-graph-example/docsrc/{content,static,themes}
Serving pages from memory
Web Server is available at http://localhost:1313/ (bind address 0.0.0.0)
Press Ctrl+C to stop
Started building sites ...
Built site for language en:
0 draft content
0 future content
0 expired content
3 regular pages created
6 other pages created
0 non-page files copied
0 paginator pages created
total in 14 ms
Watching for changes in /Users/denisegosnell/datastax/assets/paths-graph-example/docsrc/{content,static,themes}
Serving pages from memory
Web Server is available at http://localhost:1313/ (bind address 0.0.0.0)
Press Ctrl+C to stop
Started building sites ...
Built site for language en:
0 draft content
0 future content
0 expired content
3 regular pages created
6 other pages created
0 non-page files copied
0 paginator pages created
total in 10 ms
Watching for changes in /Users/denisegosnell/datastax/assets/paths-graph-example/docsrc/{content,static,themes}
Serving pages from memory
Web Server is available at http://localhost:1313/ (bind address 0.0.0.0)
Press Ctrl+C to stop
Started building sites ...
Built site for language en:
0 draft content
0 future content
0 expired content
3 regular pages created
6 other pages created
0 non-page files copied
0 paginator pages created
total in 9 ms
Watching for changes in /Users/denisegosnell/datastax/assets/paths-graph-example/docsrc/{content,static,themes}
Serving pages from memory
Web Server is available at http://localhost:1313/ (bind address 0.0.0.0)
Press Ctrl+C to stop
Started building sites ...
Built site for language en:
0 draft content
0 future content
0 expired content
3 regular pages created
6 other pages created
0 non-page files copied
0 paginator pages created
total in 5 ms
Watching for changes in /Users/denisegosnell/datastax/assets/paths-graph-example/docsrc/{content,static,themes}
Serving pages from memory
Web Server is available at http://localhost:1313/ (bind address 0.0.0.0)
Press Ctrl+C to stop
Started building sites ...
Built site for language en:
0 draft content
0 future content
0 expired content
3 regular pages created
6 other pages created
0 non-page files copied
0 paginator pages created
total in 6 ms
Watching for changes in /Users/denisegosnell/datastax/assets/paths-graph-example/docsrc/{content,static,themes}
Serving pages from memory
Web Server is available at http://localhost:1313/ (bind address 0.0.0.0)
Press Ctrl+C to stop
Started building sites ...
Built site for language en:
0 draft content
0 future content
0 expired content
3 regular pages created
6 other pages created
0 non-page files copied
0 paginator pages created
total in 7 ms
Watching for changes in /Users/denisegosnell/datastax/assets/paths-graph-example/docsrc/{content,static,themes}
Serving pages from memory
Web Server is available at http://localhost:1313/ (bind address 0.0.0.0)
Press Ctrl+C to stop
Started building sites ...
Built site for language en:
0 draft content
0 future content
0 expired content
3 regular pages created
6 other pages created
0 non-page files copied
0 paginator pages created
total in 7 ms
Watching for changes in /Users/denisegosnell/datastax/assets/paths-graph-example/docsrc/{content,static,themes}
Serving pages from memory
Web Server is available at http://localhost:1313/ (bind address 0.0.0.0)
Press Ctrl+C to stop
Started building sites ...
Built site for language en:
0 draft content
0 future content
0 expired content
3 regular pages created
6 other pages created
0 non-page files copied
0 paginator pages created
total in 9 ms
Watching for changes in /Users/denisegosnell/datastax/assets/paths-graph-example/docsrc/{content,static,themes}
Serving pages from memory
Web Server is available at http://localhost:1313/ (bind address 0.0.0.0)
Press Ctrl+C to stop
Started building sites ...
Built site for language en:
0 draft content
0 future content
0 expired content
3 regular pages created
6 other pages created
0 non-page files copied
0 paginator pages created
total in 10 ms
Watching for changes in /Users/denisegosnell/datastax/assets/paths-graph-example/docsrc/{content,static,themes}
Serving pages from memory
Web Server is available at http://localhost:1313/ (bind address 0.0.0.0)
Press Ctrl+C to stop
Started building sites ...
Built site for language en:
0 draft content
0 future content
0 expired content
3 regular pages created
6 other pages created
0 non-page files copied
0 paginator pages created
total in 7 ms
Watching for changes in /Users/denisegosnell/datastax/assets/paths-graph-example/docsrc/{content,static,themes}
Serving pages from memory
Web Server is available at http://localhost:1313/ (bind address 0.0.0.0)
Press Ctrl+C to stop
Started building sites ...
Built site for language en:
0 draft content
0 future content
0 expired content
3 regular pages created
6 other pages created
0 non-page files copied
0 paginator pages created
total in 8 ms
Watching for changes in /Users/denisegosnell/datastax/assets/paths-graph-example/docsrc/{content,static,themes}
Serving pages from memory
Web Server is available at http://localhost:1313/ (bind address 0.0.0.0)
Press Ctrl+C to stop
Started building sites ...
Built site for language en:
0 draft content
0 future content
0 expired content
3 regular pages created
6 other pages created
0 non-page files copied
0 paginator pages created
total in 6 ms
Watching for changes in /Users/denisegosnell/datastax/assets/paths-graph-example/docsrc/{content,static,themes}
Serving pages from memory
Web Server is available at http://localhost:1313/ (bind address 0.0.0.0)
Press Ctrl+C to stop
Started building sites ...
Built site for language en:
0 draft content
0 future content
0 expired content
3 regular pages created
6 other pages created
0 non-page files copied
0 paginator pages created
total in 8 ms
Watching for changes in /Users/denisegosnell/datastax/assets/paths-graph-example/docsrc/{content,static,themes}
Serving pages from memory
Web Server is available at http://localhost:1313/ (bind address 0.0.0.0)
Press Ctrl+C to stop
Started building sites ...
Built site for language en:
0 draft content
0 future content
0 expired content
3 regular pages created
6 other pages created
0 non-page files copied
0 paginator pages created
total in 8 ms
Watching for changes in /Users/denisegosnell/datastax/assets/paths-graph-example/docsrc/{content,static,themes}
Serving pages from memory
Web Server is available at http://localhost:1313/ (bind address 0.0.0.0)
Press Ctrl+C to stop
Started building sites ...
Built site for language en:
0 draft content
0 future content
0 expired content
3 regular pages created
6 other pages created
0 non-page files copied
0 paginator pages created
total in 5 ms
Watching for changes in /Users/denisegosnell/datastax/assets/paths-graph-example/docsrc/{content,static,themes}
Serving pages from memory
Web Server is available at http://localhost:1313/ (bind address 0.0.0.0)
Press Ctrl+C to stop
Started building sites ...
Built site for language en:
0 draft content
0 future content
0 expired content
3 regular pages created
6 other pages created
0 non-page files copied
0 paginator pages created
total in 5 ms
Watching for changes in /Users/denisegosnell/datastax/assets/paths-graph-example/docsrc/{content,static,themes}
Serving pages from memory
Web Server is available at http://localhost:1313/ (bind address 0.0.0.0)
Press Ctrl+C to stop
Started building sites ...
Built site for language en:
0 draft content
0 future content
0 expired content
3 regular pages created
6 other pages created
0 non-page files copied
0 paginator pages created
total in 5 ms
Watching for changes in /Users/denisegosnell/datastax/assets/paths-graph-example/docsrc/{content,static,themes}
Serving pages from memory
Web Server is available at http://localhost:1313/ (bind address 0.0.0.0)
Press Ctrl+C to stop
Started building sites ...
Built site for language en:
0 draft content
0 future content
0 expired content
3 regular pages created
6 other pages created
0 non-page files copied
0 paginator pages created
total in 5 ms
Watching for changes in /Users/denisegosnell/datastax/assets/paths-graph-example/docsrc/{content,static,themes}
Serving pages from memory
Web Server is available at http://localhost:1313/ (bind address 0.0.0.0)
Press Ctrl+C to stop
Started building sites ...
Built site for language en:
0 draft content
0 future content
0 expired content
3 regular pages created
6 other pages created
0 non-page files copied
0 paginator pages created
total in 5 ms
Watching for changes in /Users/denisegosnell/datastax/assets/paths-graph-example/docsrc/{content,static,themes}
Serving pages from memory
Web Server is available at http://localhost:1313/ (bind address 0.0.0.0)
Press Ctrl+C to stop
Started building sites ...
Built site for language en:
0 draft content
0 future content
0 expired content
3 regular pages created
6 other pages created
0 non-page files copied
0 paginator pages created
total in 9 ms
Watching for changes in /Users/denisegosnell/datastax/assets/paths-graph-example/docsrc/{content,static,themes}
Serving pages from memory
Web Server is available at http://localhost:1313/ (bind address 0.0.0.0)
Press Ctrl+C to stop
Started building sites ...
Built site for language en:
0 draft content
0 future content
0 expired content
3 regular pages created
6 other pages created
0 non-page files copied
0 paginator pages created
total in 6 ms
Watching for changes in /Users/denisegosnell/datastax/assets/paths-graph-example/docsrc/{content,static,themes}
Serving pages from memory
Web Server is available at http://localhost:1313/ (bind address 0.0.0.0)
Press Ctrl+C to stop
Started building sites ...
Built site for language en:
0 draft content
0 future content
0 expired content
3 regular pages created
6 other pages created
0 non-page files copied
0 paginator pages created
total in 10 ms
Watching for changes in /Users/denisegosnell/datastax/assets/paths-graph-example/docsrc/{content,static,themes}
Serving pages from memory
Web Server is available at http://localhost:1313/ (bind address 0.0.0.0)
Press Ctrl+C to stop
Started building sites ...
Built site for language en:
0 draft content
0 future content
0 expired content
3 regular pages created
6 other pages created
0 non-page files copied
0 paginator pages created
total in 22 ms
Watching for changes in /Users/denisegosnell/datastax/assets/paths-graph-example/docsrc/{content,static,themes}
Serving pages from memory
Web Server is available at http://localhost:1313/ (bind address 0.0.0.0)
Press Ctrl+C to stop

Static file changes detected
2018-06-26 16:18 -0400
Syncing /images/Screen Shot 2018-06-26 at 4.17.57 PM.png to /

Static file changes detected
2018-06-26 16:19 -0400
Syncing /images/missionGraph.png to /
File no longer exists in static dir, removing /images/Screen Shot 2018-06-26 at 4.17.57 PM.png
Config file changed: /Users/denisegosnell/datastax/assets/paths-graph-example/docsrc/config.toml
Started building sites ...
Built site for language en:
0 draft content
0 future content
0 expired content
3 regular pages created
6 other pages created
0 non-page files copied
0 paginator pages created
total in 108 ms

Change detected, rebuilding site
2018-06-26 16:30 -0400
Source changed "/Users/denisegosnell/datastax/assets/paths-graph-example/docsrc/content/buildandrun/gettingstarted.md": REMOVE
Source changed "/Users/denisegosnell/datastax/assets/paths-graph-example/docsrc/content/buildandrun": REMOVE
Built site for language en:
0 draft content
0 future content
0 expired content
2 regular pages created
4 other pages created
0 non-page files copied
0 paginator pages created
total in 6 ms

Change detected, rebuilding site
2018-06-26 16:30 -0400
Source changed "/Users/denisegosnell/datastax/assets/paths-graph-example/docsrc/content/ebdsegraph/ebdsegraph.md": REMOVE
Source changed "/Users/denisegosnell/datastax/assets/paths-graph-example/docsrc/content/ebdsegraph": REMOVE
Built site for language en:
0 draft content
0 future content
0 expired content
1 regular pages created
2 other pages created
0 non-page files copied
0 paginator pages created
total in 4 ms
Config file changed: /Users/denisegosnell/datastax/assets/paths-graph-example/docsrc/config.toml
Started building sites ...
Built site for language en:
0 draft content
0 future content
0 expired content
1 regular pages created
2 other pages created
0 non-page files copied
0 paginator pages created
total in 15 ms
Config file changed: /Users/denisegosnell/datastax/assets/paths-graph-example/docsrc/config.toml
Started building sites ...
Built site for language en:
0 draft content
0 future content
0 expired content
1 regular pages created
2 other pages created
0 non-page files copied
0 paginator pages created
total in 17 ms
Config file changed: /Users/denisegosnell/datastax/assets/paths-graph-example/docsrc/config.toml
Started building sites ...
Built site for language en:
0 draft content
0 future content
0 expired content
1 regular pages created
2 other pages created
0 non-page files copied
0 paginator pages created
total in 13 ms

Change detected, rebuilding site
2018-06-26 16:32 -0400
Source changed "/Users/denisegosnell/datastax/assets/paths-graph-example/docsrc/content/index.md": REMOVE|RENAME
Source changed "/Users/denisegosnell/datastax/assets/paths-graph-example/docsrc/content/index.md": CREATE
Built site for language en:
0 draft content
0 future content
0 expired content
1 regular pages created
2 other pages created
0 non-page files copied
0 paginator pages created
total in 3 ms

Change detected, rebuilding site
2018-06-26 16:32 -0400
Source changed "/Users/denisegosnell/datastax/assets/paths-graph-example/docsrc/content/index.md": RENAME
Source changed "/Users/denisegosnell/datastax/assets/paths-graph-example/docsrc/content/index.md": CREATE
Built site for language en:
0 draft content
0 future content
0 expired content
1 regular pages created
2 other pages created
0 non-page files copied
0 paginator pages created
total in 4 ms

Change detected, rebuilding site
2018-06-26 16:33 -0400
Source changed "/Users/denisegosnell/datastax/assets/paths-graph-example/docsrc/content/index.md": REMOVE|RENAME
Source changed "/Users/denisegosnell/datastax/assets/paths-graph-example/docsrc/content/index.md": CREATE
Built site for language en:
0 draft content
0 future content
0 expired content
1 regular pages created
2 other pages created
0 non-page files copied
0 paginator pages created
total in 3 ms

Change detected, rebuilding site
2018-06-26 16:33 -0400
Source changed "/Users/denisegosnell/datastax/assets/paths-graph-example/docsrc/content/index.md": RENAME
Source changed "/Users/denisegosnell/datastax/assets/paths-graph-example/docsrc/content/index.md": CREATE
Built site for language en:
0 draft content
0 future content
0 expired content
1 regular pages created
2 other pages created
0 non-page files copied
0 paginator pages created
total in 3 ms

Change detected, rebuilding site
2018-06-26 16:35 -0400
Source changed "/Users/denisegosnell/datastax/assets/paths-graph-example/docsrc/content/index.md": REMOVE|RENAME
Source changed "/Users/denisegosnell/datastax/assets/paths-graph-example/docsrc/content/index.md": CREATE
Built site for language en:
0 draft content
0 future content
0 expired content
1 regular pages created
2 other pages created
0 non-page files copied
0 paginator pages created
total in 5 ms

Change detected, rebuilding site
2018-06-26 16:38 -0400
Source changed "/Users/denisegosnell/datastax/assets/paths-graph-example/docsrc/content/index.md": RENAME
Source changed "/Users/denisegosnell/datastax/assets/paths-graph-example/docsrc/content/index.md": CREATE
Built site for language en:
0 draft content
0 future content
0 expired content
1 regular pages created
2 other pages created
0 non-page files copied
0 paginator pages created
total in 3 ms
Config file changed: /Users/denisegosnell/datastax/assets/paths-graph-example/docsrc/config.toml
Started building sites ...
Built site for language en:
0 draft content
0 future content
0 expired content
1 regular pages created
2 other pages created
0 non-page files copied
0 paginator pages created
total in 15 ms

Change detected, rebuilding site
2018-06-26 16:39 -0400
Source changed "/Users/denisegosnell/datastax/assets/paths-graph-example/docsrc/content/index.md": REMOVE|RENAME
Source changed "/Users/denisegosnell/datastax/assets/paths-graph-example/docsrc/content/index.md": CREATE
Built site for language en:
0 draft content
0 future content
0 expired content
1 regular pages created
2 other pages created
0 non-page files copied
0 paginator pages created
total in 3 ms

Change detected, rebuilding site
2018-06-26 16:39 -0400
Source changed "/Users/denisegosnell/datastax/assets/paths-graph-example/docsrc/content/index.md": RENAME
Source changed "/Users/denisegosnell/datastax/assets/paths-graph-example/docsrc/content/index.md": CREATE
Built site for language en:
0 draft content
0 future content
0 expired content
1 regular pages created
2 other pages created
0 non-page files copied
0 paginator pages created
total in 3 ms
Config file changed: /Users/denisegosnell/datastax/assets/paths-graph-example/docsrc/config.toml
Started building sites ...

Change detected, rebuilding site
2018-06-26 16:40 -0400
Source changed "/Users/denisegosnell/datastax/assets/paths-graph-example/docsrc/content/index.md": RENAME
Source changed "/Users/denisegosnell/datastax/assets/paths-graph-example/docsrc/content/index.md": CREATE
Built site for language en:
0 draft content
0 future content
0 expired content
2 regular pages created
2 other pages created
0 non-page files copied
0 paginator pages created
total in 14 ms
Built site for language en:
0 draft content
0 future content
0 expired content
2 regular pages created
2 other pages created
0 non-page files copied
0 paginator pages created
total in 5 ms

Change detected, rebuilding site
2018-06-26 16:42 -0400
Source changed "/Users/denisegosnell/datastax/assets/paths-graph-example/docsrc/content/index.md": REMOVE|RENAME
Source changed "/Users/denisegosnell/datastax/assets/paths-graph-example/docsrc/content/index.md": CREATE
Built site for language en:
0 draft content
0 future content
0 expired content
1 regular pages created
2 other pages created
0 non-page files copied
0 paginator pages created
total in 4 ms

Change detected, rebuilding site
2018-06-26 16:42 -0400
Source changed "/Users/denisegosnell/datastax/assets/paths-graph-example/docsrc/content/index.md": RENAME
Source changed "/Users/denisegosnell/datastax/assets/paths-graph-example/docsrc/content/index.md": CREATE
Built site for language en:
0 draft content
0 future content
0 expired content
1 regular pages created
2 other pages created
0 non-page files copied
0 paginator pages created
total in 3 ms

Change detected, rebuilding site
2018-06-26 16:42 -0400
Source changed "/Users/denisegosnell/datastax/assets/paths-graph-example/docsrc/content/index.md": REMOVE|RENAME
Source changed "/Users/denisegosnell/datastax/assets/paths-graph-example/docsrc/content/index.md": CREATE
Built site for language en:
0 draft content
0 future content
0 expired content
1 regular pages created
2 other pages created
0 non-page files copied
0 paginator pages created
total in 3 ms

Change detected, rebuilding site
2018-06-26 16:43 -0400
Source changed "/Users/denisegosnell/datastax/assets/paths-graph-example/docsrc/content/index.md": RENAME
Source changed "/Users/denisegosnell/datastax/assets/paths-graph-example/docsrc/content/index.md": CREATE
Built site for language en:
0 draft content
0 future content
0 expired content
1 regular pages created
2 other pages created
0 non-page files copied
0 paginator pages created
total in 4 ms

Change detected, rebuilding site
2018-06-26 16:44 -0400
Source changed "/Users/denisegosnell/datastax/assets/paths-graph-example/docsrc/content/index.md": REMOVE|RENAME
Source changed "/Users/denisegosnell/datastax/assets/paths-graph-example/docsrc/content/index.md": CREATE
Built site for language en:
0 draft content
0 future content
0 expired content
1 regular pages created
2 other pages created
0 non-page files copied
0 paginator pages created
total in 4 ms

Change detected, rebuilding site
2018-06-26 16:46 -0400
Source changed "/Users/denisegosnell/datastax/assets/paths-graph-example/docsrc/content/index.md": RENAME
Source changed "/Users/denisegosnell/datastax/assets/paths-graph-example/docsrc/content/index.md": CREATE
Built site for language en:
0 draft content
0 future content
0 expired content
1 regular pages created
2 other pages created
0 non-page files copied
0 paginator pages created
total in 5 ms

Change detected, rebuilding site
2018-06-26 16:47 -0400
Source changed "/Users/denisegosnell/datastax/assets/paths-graph-example/docsrc/content/index.md": REMOVE|RENAME
Source changed "/Users/denisegosnell/datastax/assets/paths-graph-example/docsrc/content/index.md": CREATE
Built site for language en:
0 draft content
0 future content
0 expired content
1 regular pages created
2 other pages created
0 non-page files copied
0 paginator pages created
total in 3 ms

Change detected, rebuilding site
2018-06-26 16:47 -0400
Source changed "/Users/denisegosnell/datastax/assets/paths-graph-example/docsrc/content/index.md": RENAME
Source changed "/Users/denisegosnell/datastax/assets/paths-graph-example/docsrc/content/index.md": CREATE
Built site for language en:
0 draft content
0 future content
0 expired content
1 regular pages created
2 other pages created
0 non-page files copied
0 paginator pages created
total in 4 ms

Change detected, rebuilding site
2018-06-26 16:48 -0400
Source changed "/Users/denisegosnell/datastax/assets/paths-graph-example/docsrc/content/index.md": REMOVE|RENAME
Source changed "/Users/denisegosnell/datastax/assets/paths-graph-example/docsrc/content/index.md": CREATE
Built site for language en:
0 draft content
0 future content
0 expired content
1 regular pages created
2 other pages created
0 non-page files copied
0 paginator pages created
total in 3 ms

Change detected, rebuilding site
2018-06-26 16:48 -0400
Source changed "/Users/denisegosnell/datastax/assets/paths-graph-example/docsrc/content/index.md": RENAME
Source changed "/Users/denisegosnell/datastax/assets/paths-graph-example/docsrc/content/index.md": CREATE
Built site for language en:
0 draft content
0 future content
0 expired content
1 regular pages created
2 other pages created
0 non-page files copied
0 paginator pages created
total in 3 ms

Change detected, rebuilding site
2018-06-26 16:49 -0400
Source changed "/Users/denisegosnell/datastax/assets/paths-graph-example/docsrc/content/index.md": REMOVE|RENAME
Source changed "/Users/denisegosnell/datastax/assets/paths-graph-example/docsrc/content/index.md": CREATE
Built site for language en:
0 draft content
0 future content
0 expired content
1 regular pages created
2 other pages created
0 non-page files copied
0 paginator pages created
total in 3 ms

Change detected, rebuilding site
2018-06-26 16:49 -0400
Source changed "/Users/denisegosnell/datastax/assets/paths-graph-example/docsrc/content/index.md": RENAME
Source changed "/Users/denisegosnell/datastax/assets/paths-graph-example/docsrc/content/index.md": CREATE
Built site for language en:
0 draft content
0 future content
0 expired content
1 regular pages created
2 other pages created
0 non-page files copied
0 paginator pages created
total in 5 ms

Change detected, rebuilding site
2018-06-26 16:49 -0400
Source changed "/Users/denisegosnell/datastax/assets/paths-graph-example/docsrc/content/index.md": REMOVE|RENAME
Source changed "/Users/denisegosnell/datastax/assets/paths-graph-example/docsrc/content/index.md": CREATE
Built site for language en:
0 draft content
0 future content
0 expired content
1 regular pages created
2 other pages created
0 non-page files copied
0 paginator pages created
total in 2 ms

Change detected, rebuilding site
2018-06-26 16:49 -0400
Source changed "/Users/denisegosnell/datastax/assets/paths-graph-example/docsrc/content/index.md": RENAME
Source changed "/Users/denisegosnell/datastax/assets/paths-graph-example/docsrc/content/index.md": CREATE
Built site for language en:
0 draft content
0 future content
0 expired content
1 regular pages created
2 other pages created
0 non-page files copied
0 paginator pages created
total in 2 ms

Change detected, rebuilding site
2018-06-26 16:49 -0400
Source changed "/Users/denisegosnell/datastax/assets/paths-graph-example/docsrc/content/index.md": REMOVE|RENAME
Source changed "/Users/denisegosnell/datastax/assets/paths-graph-example/docsrc/content/index.md": CREATE
Built site for language en:
0 draft content
0 future content
0 expired content
1 regular pages created
2 other pages created
0 non-page files copied
0 paginator pages created
total in 3 ms

Change detected, rebuilding site
2018-06-26 16:50 -0400
Source changed "/Users/denisegosnell/datastax/assets/paths-graph-example/docsrc/content/index.md": RENAME
Source changed "/Users/denisegosnell/datastax/assets/paths-graph-example/docsrc/content/index.md": CREATE
Built site for language en:
0 draft content
0 future content
0 expired content
1 regular pages created
2 other pages created
0 non-page files copied
0 paginator pages created
total in 3 ms

Change detected, rebuilding site
2018-06-26 16:51 -0400
Source changed "/Users/denisegosnell/datastax/assets/paths-graph-example/docsrc/content/index.md": REMOVE|RENAME
Source changed "/Users/denisegosnell/datastax/assets/paths-graph-example/docsrc/content/index.md": CREATE
Built site for language en:
0 draft content
0 future content
0 expired content
1 regular pages created
2 other pages created
0 non-page files copied
0 paginator pages created
total in 3 ms

Change detected, rebuilding site
2018-06-26 16:54 -0400
Source changed "/Users/denisegosnell/datastax/assets/paths-graph-example/docsrc/content/index.md": RENAME
Source changed "/Users/denisegosnell/datastax/assets/paths-graph-example/docsrc/content/index.md": CREATE
Built site for language en:
0 draft content
0 future content
0 expired content
1 regular pages created
2 other pages created
0 non-page files copied
0 paginator pages created
total in 5 ms

Change detected, rebuilding site
2018-06-26 16:54 -0400
Source changed "/Users/denisegosnell/datastax/assets/paths-graph-example/docsrc/content/index.md": REMOVE|RENAME
Source changed "/Users/denisegosnell/datastax/assets/paths-graph-example/docsrc/content/index.md": CREATE
Built site for language en:
0 draft content
0 future content
0 expired content
1 regular pages created
2 other pages created
0 non-page files copied
0 paginator pages created
total in 3 ms

Change detected, rebuilding site
2018-06-26 16:56 -0400
Source changed "/Users/denisegosnell/datastax/assets/paths-graph-example/docsrc/content/index.md": RENAME
Source changed "/Users/denisegosnell/datastax/assets/paths-graph-example/docsrc/content/index.md": CREATE
Built site for language en:
0 draft content
0 future content
0 expired content
1 regular pages created
2 other pages created
0 non-page files copied
0 paginator pages created
total in 3 ms

Change detected, rebuilding site
2018-06-26 16:57 -0400
Source changed "/Users/denisegosnell/datastax/assets/paths-graph-example/docsrc/content/index.md": REMOVE|RENAME
Source changed "/Users/denisegosnell/datastax/assets/paths-graph-example/docsrc/content/index.md": CREATE
Built site for language en:
0 draft content
0 future content
0 expired content
1 regular pages created
2 other pages created
0 non-page files copied
0 paginator pages created
total in 4 ms

Change detected, rebuilding site
2018-06-26 16:58 -0400
Source changed "/Users/denisegosnell/datastax/assets/paths-graph-example/docsrc/content/index.md": RENAME
Source changed "/Users/denisegosnell/datastax/assets/paths-graph-example/docsrc/content/index.md": CREATE
Built site for language en:
0 draft content
0 future content
0 expired content
1 regular pages created
2 other pages created
0 non-page files copied
0 paginator pages created
total in 3 ms

Change detected, rebuilding site
2018-06-26 16:58 -0400
Source changed "/Users/denisegosnell/datastax/assets/paths-graph-example/docsrc/content/index.md": REMOVE|RENAME
Source changed "/Users/denisegosnell/datastax/assets/paths-graph-example/docsrc/content/index.md": CREATE
Built site for language en:
0 draft content
0 future content
0 expired content
1 regular pages created
2 other pages created
0 non-page files copied
0 paginator pages created
total in 6 ms

Change detected, rebuilding site
2018-06-26 16:59 -0400
Source changed "/Users/denisegosnell/datastax/assets/paths-graph-example/docsrc/content/index.md": RENAME
Source changed "/Users/denisegosnell/datastax/assets/paths-graph-example/docsrc/content/index.md": CREATE
Built site for language en:
0 draft content
0 future content
0 expired content
1 regular pages created
2 other pages created
0 non-page files copied
0 paginator pages created
total in 6 ms

Change detected, rebuilding site
2018-06-26 16:59 -0400
Source changed "/Users/denisegosnell/datastax/assets/paths-graph-example/docsrc/content/index.md": REMOVE|RENAME
Source changed "/Users/denisegosnell/datastax/assets/paths-graph-example/docsrc/content/index.md": CREATE
Built site for language en:
0 draft content
0 future content
0 expired content
1 regular pages created
2 other pages created
0 non-page files copied
0 paginator pages created
total in 4 ms

Change detected, rebuilding site
2018-06-26 16:59 -0400
Source changed "/Users/denisegosnell/datastax/assets/paths-graph-example/docsrc/content/index.md": RENAME
Source changed "/Users/denisegosnell/datastax/assets/paths-graph-example/docsrc/content/index.md": CREATE
Built site for language en:
0 draft content
0 future content
0 expired content
1 regular pages created
2 other pages created
0 non-page files copied
0 paginator pages created
total in 3 ms

Change detected, rebuilding site
2018-06-26 17:01 -0400
Source changed "/Users/denisegosnell/datastax/assets/paths-graph-example/docsrc/content/index.md": REMOVE|RENAME
Source changed "/Users/denisegosnell/datastax/assets/paths-graph-example/docsrc/content/index.md": CREATE
Built site for language en:
0 draft content
0 future content
0 expired content
1 regular pages created
2 other pages created
0 non-page files copied
0 paginator pages created
total in 4 ms

Change detected, rebuilding site
2018-06-26 17:02 -0400
Source changed "/Users/denisegosnell/datastax/assets/paths-graph-example/docsrc/content/index.md": RENAME
Source changed "/Users/denisegosnell/datastax/assets/paths-graph-example/docsrc/content/index.md": CREATE
Built site for language en:
0 draft content
0 future content
0 expired content
1 regular pages created
2 other pages created
0 non-page files copied
0 paginator pages created
total in 4 ms

Change detected, rebuilding site
2018-06-26 17:02 -0400
Source changed "/Users/denisegosnell/datastax/assets/paths-graph-example/docsrc/content/index.md": REMOVE|RENAME
Source changed "/Users/denisegosnell/datastax/assets/paths-graph-example/docsrc/content/index.md": CREATE
Built site for language en:
0 draft content
0 future content
0 expired content
1 regular pages created
2 other pages created
0 non-page files copied
0 paginator pages created
total in 3 ms

Change detected, rebuilding site
2018-06-26 17:02 -0400
Source changed "/Users/denisegosnell/datastax/assets/paths-graph-example/docsrc/content/index.md": RENAME
Source changed "/Users/denisegosnell/datastax/assets/paths-graph-example/docsrc/content/index.md": CREATE
Built site for language en:
0 draft content
0 future content
0 expired content
1 regular pages created
2 other pages created
0 non-page files copied
0 paginator pages created
total in 4 ms

Change detected, rebuilding site
2018-06-26 17:02 -0400
Source changed "/Users/denisegosnell/datastax/assets/paths-graph-example/docsrc/content/index.md": REMOVE|RENAME
Source changed "/Users/denisegosnell/datastax/assets/paths-graph-example/docsrc/content/index.md": CREATE
Built site for language en:
0 draft content
0 future content
0 expired content
1 regular pages created
2 other pages created
0 non-page files copied
0 paginator pages created
total in 4 ms

Change detected, rebuilding site
2018-06-26 17:02 -0400
Source changed "/Users/denisegosnell/datastax/assets/paths-graph-example/docsrc/content/index.md": RENAME
Source changed "/Users/denisegosnell/datastax/assets/paths-graph-example/docsrc/content/index.md": CREATE
Built site for language en:
0 draft content
0 future content
0 expired content
1 regular pages created
2 other pages created
0 non-page files copied
0 paginator pages created
total in 4 ms

Change detected, rebuilding site
2018-06-26 17:03 -0400
Source changed "/Users/denisegosnell/datastax/assets/paths-graph-example/docsrc/content/index.md": REMOVE|RENAME
Source changed "/Users/denisegosnell/datastax/assets/paths-graph-example/docsrc/content/index.md": CREATE
Built site for language en:
0 draft content
0 future content
0 expired content
1 regular pages created
2 other pages created
0 non-page files copied
0 paginator pages created
total in 4 ms

Change detected, rebuilding site
2018-06-26 17:06 -0400
Source changed "/Users/denisegosnell/datastax/assets/paths-graph-example/docsrc/content/index.md": RENAME
Source changed "/Users/denisegosnell/datastax/assets/paths-graph-example/docsrc/content/index.md": CREATE
Built site for language en:
0 draft content
0 future content
0 expired content
1 regular pages created
2 other pages created
0 non-page files copied
0 paginator pages created
total in 4 ms

Change detected, rebuilding site
2018-06-26 17:06 -0400
Source changed "/Users/denisegosnell/datastax/assets/paths-graph-example/docsrc/content/index.md": REMOVE|RENAME
Source changed "/Users/denisegosnell/datastax/assets/paths-graph-example/docsrc/content/index.md": CREATE
Built site for language en:
0 draft content
0 future content
0 expired content
1 regular pages created
2 other pages created
0 non-page files copied
0 paginator pages created
total in 4 ms

Change detected, rebuilding site
2018-06-26 17:06 -0400
Source changed "/Users/denisegosnell/datastax/assets/paths-graph-example/docsrc/content/index.md": RENAME
Source changed "/Users/denisegosnell/datastax/assets/paths-graph-example/docsrc/content/index.md": CREATE
Built site for language en:
0 draft content
0 future content
0 expired content
1 regular pages created
2 other pages created
0 non-page files copied
0 paginator pages created
total in 3 ms

Change detected, rebuilding site
2018-06-26 17:15 -0400
Source changed "/Users/denisegosnell/datastax/assets/paths-graph-example/docsrc/content/index.md": REMOVE|RENAME
Source changed "/Users/denisegosnell/datastax/assets/paths-graph-example/docsrc/content/index.md": CREATE
Built site for language en:
0 draft content
0 future content
0 expired content
1 regular pages created
2 other pages created
0 non-page files copied
0 paginator pages created
total in 4 ms

Change detected, rebuilding site
2018-06-26 17:16 -0400
Source changed "/Users/denisegosnell/datastax/assets/paths-graph-example/docsrc/content/index.md": RENAME
Source changed "/Users/denisegosnell/datastax/assets/paths-graph-example/docsrc/content/index.md": CREATE
Built site for language en:
0 draft content
0 future content
0 expired content
1 regular pages created
2 other pages created
0 non-page files copied
0 paginator pages created
total in 3 ms

Change detected, rebuilding site
2018-06-26 17:21 -0400
Source changed "/Users/denisegosnell/datastax/assets/paths-graph-example/docsrc/content/index.md": REMOVE|RENAME
Source changed "/Users/denisegosnell/datastax/assets/paths-graph-example/docsrc/content/index.md": CREATE
Built site for language en:
0 draft content
0 future content
0 expired content
1 regular pages created
2 other pages created
0 non-page files copied
0 paginator pages created
total in 3 ms

Change detected, rebuilding site
2018-06-26 17:22 -0400
Source changed "/Users/denisegosnell/datastax/assets/paths-graph-example/docsrc/content/index.md": RENAME
Source changed "/Users/denisegosnell/datastax/assets/paths-graph-example/docsrc/content/index.md": CREATE
Built site for language en:
0 draft content
0 future content
0 expired content
1 regular pages created
2 other pages created
0 non-page files copied
0 paginator pages created
total in 5 ms

Change detected, rebuilding site
2018-06-26 17:22 -0400
Source changed "/Users/denisegosnell/datastax/assets/paths-graph-example/docsrc/content/index.md": REMOVE|RENAME
Source changed "/Users/denisegosnell/datastax/assets/paths-graph-example/docsrc/content/index.md": CREATE
Built site for language en:
0 draft content
0 future content
0 expired content
1 regular pages created
2 other pages created
0 non-page files copied
0 paginator pages created
total in 3 ms

Change detected, rebuilding site
2018-06-26 17:22 -0400
Source changed "/Users/denisegosnell/datastax/assets/paths-graph-example/docsrc/content/index.md": RENAME
Source changed "/Users/denisegosnell/datastax/assets/paths-graph-example/docsrc/content/index.md": CREATE
Built site for language en:
0 draft content
0 future content
0 expired content
1 regular pages created
2 other pages created
0 non-page files copied
0 paginator pages created
total in 4 ms

Change detected, rebuilding site
2018-06-26 17:23 -0400
Source changed "/Users/denisegosnell/datastax/assets/paths-graph-example/docsrc/content/index.md": REMOVE|RENAME
Source changed "/Users/denisegosnell/datastax/assets/paths-graph-example/docsrc/content/index.md": CREATE
Built site for language en:
0 draft content
0 future content
0 expired content
1 regular pages created
2 other pages created
0 non-page files copied
0 paginator pages created
total in 3 ms

Change detected, rebuilding site
2018-06-26 17:23 -0400
Source changed "/Users/denisegosnell/datastax/assets/paths-graph-example/docsrc/content/index.md": RENAME
Source changed "/Users/denisegosnell/datastax/assets/paths-graph-example/docsrc/content/index.md": CREATE
Built site for language en:
0 draft content
0 future content
0 expired content
1 regular pages created
2 other pages created
0 non-page files copied
0 paginator pages created
total in 7 ms

Change detected, rebuilding site
2018-06-26 17:27 -0400
Source changed "/Users/denisegosnell/datastax/assets/paths-graph-example/docsrc/content/index.md": REMOVE|RENAME
Source changed "/Users/denisegosnell/datastax/assets/paths-graph-example/docsrc/content/index.md": CREATE
Built site for language en:
0 draft content
0 future content
0 expired content
1 regular pages created
2 other pages created
0 non-page files copied
0 paginator pages created
total in 3 ms

Change detected, rebuilding site
2018-06-26 17:27 -0400
Source changed "/Users/denisegosnell/datastax/assets/paths-graph-example/docsrc/content/index.md": RENAME
Source changed "/Users/denisegosnell/datastax/assets/paths-graph-example/docsrc/content/index.md": CREATE
Built site for language en:
0 draft content
0 future content
0 expired content
1 regular pages created
2 other pages created
0 non-page files copied
0 paginator pages created
total in 3 ms

Change detected, rebuilding site
2018-06-26 17:29 -0400
Source changed "/Users/denisegosnell/datastax/assets/paths-graph-example/docsrc/content/index.md": REMOVE|RENAME
Source changed "/Users/denisegosnell/datastax/assets/paths-graph-example/docsrc/content/index.md": CREATE
Built site for language en:
0 draft content
0 future content
0 expired content
1 regular pages created
2 other pages created
0 non-page files copied
0 paginator pages created
total in 4 ms

Change detected, rebuilding site
2018-06-26 17:29 -0400
Source changed "/Users/denisegosnell/datastax/assets/paths-graph-example/docsrc/content/index.md": RENAME
Source changed "/Users/denisegosnell/datastax/assets/paths-graph-example/docsrc/content/index.md": CREATE
Built site for language en:
0 draft content
0 future content
0 expired content
1 regular pages created
2 other pages created
0 non-page files copied
0 paginator pages created
total in 4 ms

Change detected, rebuilding site
2018-06-26 17:29 -0400
Source changed "/Users/denisegosnell/datastax/assets/paths-graph-example/docsrc/content/index.md": REMOVE|RENAME
Source changed "/Users/denisegosnell/datastax/assets/paths-graph-example/docsrc/content/index.md": CREATE
Built site for language en:
0 draft content
0 future content
0 expired content
1 regular pages created
2 other pages created
0 non-page files copied
0 paginator pages created
total in 5 ms

Change detected, rebuilding site
2018-06-26 17:29 -0400
Source changed "/Users/denisegosnell/datastax/assets/paths-graph-example/docsrc/content/index.md": RENAME
Source changed "/Users/denisegosnell/datastax/assets/paths-graph-example/docsrc/content/index.md": CREATE
Built site for language en:
0 draft content
0 future content
0 expired content
1 regular pages created
2 other pages created
0 non-page files copied
0 paginator pages created
total in 4 ms

Change detected, rebuilding site
2018-06-26 17:29 -0400
Source changed "/Users/denisegosnell/datastax/assets/paths-graph-example/docsrc/content/index.md": REMOVE|RENAME
Source changed "/Users/denisegosnell/datastax/assets/paths-graph-example/docsrc/content/index.md": CREATE
Built site for language en:
0 draft content
0 future content
0 expired content
1 regular pages created
2 other pages created
0 non-page files copied
0 paginator pages created
total in 4 ms

Change detected, rebuilding site
2018-06-26 17:30 -0400
Source changed "/Users/denisegosnell/datastax/assets/paths-graph-example/docsrc/content/index.md": RENAME
Source changed "/Users/denisegosnell/datastax/assets/paths-graph-example/docsrc/content/index.md": CREATE
Built site for language en:
0 draft content
0 future content
0 expired content
1 regular pages created
2 other pages created
0 non-page files copied
0 paginator pages created
total in 5 ms

Change detected, rebuilding site
2018-06-26 17:30 -0400
Source changed "/Users/denisegosnell/datastax/assets/paths-graph-example/docsrc/content/index.md": RENAME
Source changed "/Users/denisegosnell/datastax/assets/paths-graph-example/docsrc/content/index.md": CREATE
Built site for language en:
0 draft content
0 future content
0 expired content
1 regular pages created
2 other pages created
0 non-page files copied
0 paginator pages created
total in 5 ms

Change detected, rebuilding site
2018-06-26 17:30 -0400
Source changed "/Users/denisegosnell/datastax/assets/paths-graph-example/docsrc/content/index.md": REMOVE|RENAME
Source changed "/Users/denisegosnell/datastax/assets/paths-graph-example/docsrc/content/index.md": CREATE
Built site for language en:
0 draft content
0 future content
0 expired content
1 regular pages created
2 other pages created
0 non-page files copied
0 paginator pages created
total in 4 ms

Change detected, rebuilding site
2018-06-26 17:31 -0400
Source changed "/Users/denisegosnell/datastax/assets/paths-graph-example/docsrc/content/index.md": RENAME
Source changed "/Users/denisegosnell/datastax/assets/paths-graph-example/docsrc/content/index.md": CREATE
Built site for language en:
0 draft content
0 future content
0 expired content
1 regular pages created
2 other pages created
0 non-page files copied
0 paginator pages created
total in 3 ms

Change detected, rebuilding site
2018-06-26 17:31 -0400
Source changed "/Users/denisegosnell/datastax/assets/paths-graph-example/docsrc/content/index.md": REMOVE|RENAME
Source changed "/Users/denisegosnell/datastax/assets/paths-graph-example/docsrc/content/index.md": CREATE
Built site for language en:
0 draft content
0 future content
0 expired content
1 regular pages created
2 other pages created
0 non-page files copied
0 paginator pages created
total in 4 ms

Change detected, rebuilding site
2018-06-26 17:36 -0400
Source changed "/Users/denisegosnell/datastax/assets/paths-graph-example/docsrc/content/index.md": RENAME
Source changed "/Users/denisegosnell/datastax/assets/paths-graph-example/docsrc/content/index.md": CREATE
Built site for language en:
0 draft content
0 future content
0 expired content
1 regular pages created
2 other pages created
0 non-page files copied
0 paginator pages created
total in 4 ms

Change detected, rebuilding site
2018-06-26 17:41 -0400
Source changed "/Users/denisegosnell/datastax/assets/paths-graph-example/docsrc/content/index.md": REMOVE|RENAME
Source changed "/Users/denisegosnell/datastax/assets/paths-graph-example/docsrc/content/index.md": CREATE
Built site for language en:
0 draft content
0 future content
0 expired content
1 regular pages created
2 other pages created
0 non-page files copied
0 paginator pages created
total in 5 ms

Change detected, rebuilding site
2018-06-26 17:41 -0400
Source changed "/Users/denisegosnell/datastax/assets/paths-graph-example/docsrc/content/index.md": RENAME
Source changed "/Users/denisegosnell/datastax/assets/paths-graph-example/docsrc/content/index.md": CREATE
Built site for language en:
0 draft content
0 future content
0 expired content
1 regular pages created
2 other pages created
0 non-page files copied
0 paginator pages created
total in 4 ms

Change detected, rebuilding site
2018-06-26 17:44 -0400
Source changed "/Users/denisegosnell/datastax/assets/paths-graph-example/docsrc/content/index.md": REMOVE|RENAME
Source changed "/Users/denisegosnell/datastax/assets/paths-graph-example/docsrc/content/index.md": CREATE
Built site for language en:
0 draft content
0 future content
0 expired content
1 regular pages created
2 other pages created
0 non-page files copied
0 paginator pages created
total in 4 ms

Change detected, rebuilding site
2018-06-26 17:44 -0400
Source changed "/Users/denisegosnell/datastax/assets/paths-graph-example/docsrc/content/index.md": RENAME
Source changed "/Users/denisegosnell/datastax/assets/paths-graph-example/docsrc/content/index.md": CREATE
Built site for language en:
0 draft content
0 future content
0 expired content
1 regular pages created
2 other pages created
0 non-page files copied
0 paginator pages created
total in 3 ms

Change detected, rebuilding site
2018-06-26 17:44 -0400
Source changed "/Users/denisegosnell/datastax/assets/paths-graph-example/docsrc/content/index.md": REMOVE|RENAME
Source changed "/Users/denisegosnell/datastax/assets/paths-graph-example/docsrc/content/index.md": CREATE
Built site for language en:
0 draft content
0 future content
0 expired content
1 regular pages created
2 other pages created
0 non-page files copied
0 paginator pages created
total in 4 ms

Change detected, rebuilding site
2018-06-26 17:44 -0400
Source changed "/Users/denisegosnell/datastax/assets/paths-graph-example/docsrc/content/index.md": RENAME
Source changed "/Users/denisegosnell/datastax/assets/paths-graph-example/docsrc/content/index.md": CREATE
Built site for language en:
0 draft content
0 future content
0 expired content
1 regular pages created
2 other pages created
0 non-page files copied
0 paginator pages created
total in 5 ms

Change detected, rebuilding site
2018-06-26 17:46 -0400
Source changed "/Users/denisegosnell/datastax/assets/paths-graph-example/docsrc/content/index.md": REMOVE|RENAME
Source changed "/Users/denisegosnell/datastax/assets/paths-graph-example/docsrc/content/index.md": CREATE
Built site for language en:
0 draft content
0 future content
0 expired content
1 regular pages created
2 other pages created
0 non-page files copied
0 paginator pages created
total in 5 ms

Change detected, rebuilding site
2018-06-26 17:46 -0400
Source changed "/Users/denisegosnell/datastax/assets/paths-graph-example/docsrc/content/index.md": RENAME
Source changed "/Users/denisegosnell/datastax/assets/paths-graph-example/docsrc/content/index.md": CREATE
Built site for language en:
0 draft content
0 future content
0 expired content
1 regular pages created
2 other pages created
0 non-page files copied
0 paginator pages created
total in 5 ms

Change detected, rebuilding site
2018-06-26 17:47 -0400
Source changed "/Users/denisegosnell/datastax/assets/paths-graph-example/docsrc/content/index.md": REMOVE|RENAME
Source changed "/Users/denisegosnell/datastax/assets/paths-graph-example/docsrc/content/index.md": CREATE
Built site for language en:
0 draft content
0 future content
0 expired content
1 regular pages created
2 other pages created
0 non-page files copied
0 paginator pages created
total in 4 ms

Change detected, rebuilding site
2018-06-26 17:48 -0400
Source changed "/Users/denisegosnell/datastax/assets/paths-graph-example/docsrc/content/index.md": RENAME
Source changed "/Users/denisegosnell/datastax/assets/paths-graph-example/docsrc/content/index.md": CREATE
Built site for language en:
0 draft content
0 future content
0 expired content
1 regular pages created
2 other pages created
0 non-page files copied
0 paginator pages created
total in 6 ms

Change detected, rebuilding site
2018-06-26 17:48 -0400
Source changed "/Users/denisegosnell/datastax/assets/paths-graph-example/docsrc/content/index.md": REMOVE|RENAME
Source changed "/Users/denisegosnell/datastax/assets/paths-graph-example/docsrc/content/index.md": CREATE
Built site for language en:
0 draft content
0 future content
0 expired content
1 regular pages created
2 other pages created
0 non-page files copied
0 paginator pages created
total in 3 ms
Config file changed: /Users/denisegosnell/datastax/assets/paths-graph-example/docsrc/config.toml
Started building sites ...
Built site for language en:
0 draft content
0 future content
0 expired content
3 regular pages created
6 other pages created
0 non-page files copied
0 paginator pages created
total in 66 ms
adding created directory to watchlist /Users/denisegosnell/datastax/assets/paths-graph-example/docsrc/content/buildandrun
adding created directory to watchlist /Users/denisegosnell/datastax/assets/paths-graph-example/docsrc/content/ebdsegraph

Static file changes detected
2018-06-26 17:49 -0400
File no longer exists in static dir, removing /images/missionGraph.png

Change detected, rebuilding site
2018-06-26 17:49 -0400
Source changed "/Users/denisegosnell/datastax/assets/paths-graph-example/docsrc/content/buildandrun/gettingstarted.md": CREATE
Source changed "/Users/denisegosnell/datastax/assets/paths-graph-example/docsrc/content/buildandrun": CREATE
Source changed "/Users/denisegosnell/datastax/assets/paths-graph-example/docsrc/content/ebdsegraph/ebdsegraph.md": CREATE
Source changed "/Users/denisegosnell/datastax/assets/paths-graph-example/docsrc/content/ebdsegraph": CREATE
Source changed "/Users/denisegosnell/datastax/assets/paths-graph-example/docsrc/content/index.md": REMOVE
Source changed "/Users/denisegosnell/datastax/assets/paths-graph-example/docsrc/content/index.md": CREATE
Built site for language en:
0 draft content
0 future content
0 expired content
3 regular pages created
6 other pages created
0 non-page files copied
0 paginator pages created
total in 5 ms
Config file changed: /Users/denisegosnell/datastax/assets/paths-graph-example/docsrc/config.toml
Started building sites ...
Built site for language en:
0 draft content
0 future content
0 expired content
3 regular pages created
10 other pages created
0 non-page files copied
0 paginator pages created
0 tags created
0 categories created
total in 21 ms
Config file changed: /Users/denisegosnell/datastax/assets/paths-graph-example/docsrc/config.toml
Started building sites ...
Built site for language en:
0 draft content
0 future content
0 expired content
3 regular pages created
6 other pages created
0 non-page files copied
0 paginator pages created
total in 47 ms

Static file changes detected
2018-06-26 17:49 -0400
Syncing /images/missionGraph.png to /

Change detected, rebuilding site
2018-06-26 17:49 -0400
Source changed "/Users/denisegosnell/datastax/assets/paths-graph-example/docsrc/content/index.md": REMOVE
Source changed "/Users/denisegosnell/datastax/assets/paths-graph-example/docsrc/content/index.md": CREATE
Source changed "/Users/denisegosnell/datastax/assets/paths-graph-example/docsrc/content/index.md": WRITE
Source changed "/Users/denisegosnell/datastax/assets/paths-graph-example/docsrc/content/ebdsegraph/ebdsegraph.md": REMOVE
Source changed "/Users/denisegosnell/datastax/assets/paths-graph-example/docsrc/content/ebdsegraph": REMOVE
Source changed "/Users/denisegosnell/datastax/assets/paths-graph-example/docsrc/content/buildandrun/gettingstarted.md": REMOVE
Source changed "/Users/denisegosnell/datastax/assets/paths-graph-example/docsrc/content/buildandrun": REMOVE
Built site for language en:
0 draft content
0 future content
0 expired content
1 regular pages created
2 other pages created
0 non-page files copied
0 paginator pages created
total in 4 ms
Config file changed: /Users/denisegosnell/datastax/assets/paths-graph-example/docsrc/config.toml
Started building sites ...
Built site for language en:
0 draft content
0 future content
0 expired content
3 regular pages created
6 other pages created
0 non-page files copied
0 paginator pages created
total in 16 ms
adding created directory to watchlist /Users/denisegosnell/datastax/assets/paths-graph-example/docsrc/content/buildandrun
adding created directory to watchlist /Users/denisegosnell/datastax/assets/paths-graph-example/docsrc/content/ebdsegraph

Static file changes detected
2018-06-26 17:50 -0400
File no longer exists in static dir, removing /images/missionGraph.png

Change detected, rebuilding site
2018-06-26 17:50 -0400
Source changed "/Users/denisegosnell/datastax/assets/paths-graph-example/docsrc/content/buildandrun/gettingstarted.md": CREATE
Source changed "/Users/denisegosnell/datastax/assets/paths-graph-example/docsrc/content/buildandrun": CREATE
Source changed "/Users/denisegosnell/datastax/assets/paths-graph-example/docsrc/content/ebdsegraph/ebdsegraph.md": CREATE
Source changed "/Users/denisegosnell/datastax/assets/paths-graph-example/docsrc/content/ebdsegraph": CREATE
Source changed "/Users/denisegosnell/datastax/assets/paths-graph-example/docsrc/content/index.md": REMOVE
Source changed "/Users/denisegosnell/datastax/assets/paths-graph-example/docsrc/content/index.md": CREATE
Built site for language en:
0 draft content
0 future content
0 expired content
3 regular pages created
6 other pages created
0 non-page files copied
0 paginator pages created
total in 6 ms
Config file changed: /Users/denisegosnell/datastax/assets/paths-graph-example/docsrc/config.toml
Started building sites ...
Built site for language en:
0 draft content
0 future content
0 expired content
3 regular pages created
10 other pages created
0 non-page files copied
0 paginator pages created
0 tags created
0 categories created
total in 11 ms
Config file changed: /Users/denisegosnell/datastax/assets/paths-graph-example/docsrc/config.toml
Started building sites ...
Built site for language en:
0 draft content
0 future content
0 expired content
2 regular pages created
4 other pages created
0 non-page files copied
0 paginator pages created
total in 26 ms

Static file changes detected
2018-06-26 17:50 -0400
Syncing /images/missionGraph.png to /

Change detected, rebuilding site
2018-06-26 17:50 -0400
Source changed "/Users/denisegosnell/datastax/assets/paths-graph-example/docsrc/content/index.md": REMOVE
Source changed "/Users/denisegosnell/datastax/assets/paths-graph-example/docsrc/content/index.md": CREATE
Source changed "/Users/denisegosnell/datastax/assets/paths-graph-example/docsrc/content/index.md": WRITE
Source changed "/Users/denisegosnell/datastax/assets/paths-graph-example/docsrc/content/ebdsegraph/ebdsegraph.md": REMOVE
Source changed "/Users/denisegosnell/datastax/assets/paths-graph-example/docsrc/content/ebdsegraph": REMOVE
Source changed "/Users/denisegosnell/datastax/assets/paths-graph-example/docsrc/content/buildandrun/gettingstarted.md": REMOVE
Source changed "/Users/denisegosnell/datastax/assets/paths-graph-example/docsrc/content/buildandrun": REMOVE
Built site for language en:
0 draft content
0 future content
0 expired content
1 regular pages created
2 other pages created
0 non-page files copied
0 paginator pages created
total in 4 ms
Started building sites ...
Built site for language en:
0 draft content
0 future content
0 expired content
1 regular pages created
2 other pages created
0 non-page files copied
0 paginator pages created
total in 11 ms
Watching for changes in /Users/denisegosnell/datastax/assets/paths-graph-example/docsrc/{content,static,themes}
Serving pages from memory
Web Server is available at http://localhost:1313/ (bind address 0.0.0.0)
Press Ctrl+C to stop
Started building sites ...
Built site for language en:
0 draft content
0 future content
0 expired content
1 regular pages created
2 other pages created
0 non-page files copied
0 paginator pages created
total in 4 ms
Watching for changes in /Users/denisegosnell/datastax/assets/paths-graph-example/docsrc/{content,static,themes}
Serving pages from memory
Web Server is available at http://localhost:1313/ (bind address 0.0.0.0)
Press Ctrl+C to stop
Started building sites ...
Built site for language en:
0 draft content
0 future content
0 expired content
1 regular pages created
2 other pages created
0 non-page files copied
0 paginator pages created
total in 5 ms
Watching for changes in /Users/denisegosnell/datastax/assets/paths-graph-example/docsrc/{content,static,themes}
Serving pages from memory
Web Server is available at http://localhost:1313/ (bind address 0.0.0.0)
Press Ctrl+C to stop
Started building sites ...
Built site for language en:
0 draft content
0 future content
0 expired content
1 regular pages created
2 other pages created
0 non-page files copied
0 paginator pages created
total in 14 ms
Watching for changes in /Users/denisegosnell/datastax/assets/paths-graph-example/docsrc/{content,static,themes}
Serving pages from memory
Web Server is available at http://localhost:1313/ (bind address 0.0.0.0)
Press Ctrl+C to stop
Started building sites ...
Built site for language en:
0 draft content
0 future content
0 expired content
1 regular pages created
2 other pages created
0 non-page files copied
0 paginator pages created
total in 7 ms
Watching for changes in /Users/denisegosnell/datastax/assets/paths-graph-example/docsrc/{content,static,themes}
Serving pages from memory
Web Server is available at http://localhost:1313/ (bind address 0.0.0.0)
Press Ctrl+C to stop
Started building sites ...
Built site for language en:
0 draft content
0 future content
0 expired content
1 regular pages created
2 other pages created
0 non-page files copied
0 paginator pages created
total in 9 ms
Watching for changes in /Users/denisegosnell/datastax/assets/paths-graph-example/docsrc/{content,static,themes}
Serving pages from memory
Web Server is available at http://localhost:1313/ (bind address 0.0.0.0)
Press Ctrl+C to stop
Started building sites ...
Built site for language en:
0 draft content
0 future content
0 expired content
1 regular pages created
2 other pages created
0 non-page files copied
0 paginator pages created
total in 11 ms
Watching for changes in /Users/denisegosnell/datastax/assets/paths-graph-example/docsrc/{content,static,themes}
Serving pages from memory
Web Server is available at http://localhost:1313/ (bind address 0.0.0.0)
Press Ctrl+C to stop
